<?xml version="1.0" encoding="UTF-8"?>
<!-- Generated by org.testng.reporters.JUnitReportReporter -->
<testsuite hostname="DESKTOP-NNGQNDK" failures="0" tests="8" name="com.sgtesting.testngscenario.UserScenario" time="37.585" errors="0" timestamp="2022-09-12T19:43:07 IST" skipped="0">
  <testcase classname="com.sgtesting.testngscenario.UserScenario" name="launchBrowser" time="1.627"/>
  <system-out/>
  <testcase classname="com.sgtesting.testngscenario.UserScenario" name="navigate" time="7.552"/>
  <system-out/>
  <testcase classname="com.sgtesting.testngscenario.UserScenario" name="login" time="5.195"/>
  <system-out/>
  <testcase classname="com.sgtesting.testngscenario.UserScenario" name="minimizeFlyOutWindow" time="2.102"/>
  <system-out/>
  <testcase classname="com.sgtesting.testngscenario.UserScenario" name="createUser" time="12.280"/>
  <system-out/>
  <testcase classname="com.sgtesting.testngscenario.UserScenario" name="deleteUser" time="6.278"/>
  <system-out/>
  <testcase classname="com.sgtesting.testngscenario.UserScenario" name="logout" time="2.213"/>
  <system-out/>
  <testcase classname="com.sgtesting.testngscenario.UserScenario" name="closeApplication" time="0.338"/>
  <system-out/>
</testsuite> <!-- com.sgtesting.testngscenario.UserScenario -->
